#Build: Fabric Compiler 2020.3, Build 62942, Sep 29 13:34 2020
#Install: D:\PDS\PDS_2020.3\bin
#Application name: pds_shell.exe
#OS: Windows 10 10.0.19044
#Hostname: ?????
Generated by Fabric Compiler (version 2020.3 build 62942) at Tue May 30 10:00:05 2023
Compiling verification operator library.
Compiling common defs.
Compiling prim grid devices.
Compiling gate devices.
Compiling gate operators.
Building architecture model.
Loading device packaging model 'MBG324'.
Reading design from DB.
Start Generating Programming File...
Reading design from DB takes 0.281250 sec.
Generating architecture configuration.
The bitstream file is "C:/Users/lenovo/Documents/Pango_Design_Suite_Projects/project_shudian_wangjie/generate_bitstream/top_basketball.sbit"
Generate programming file takes 7.031250 sec.
Generating Programming File done.
Action gen_bit_stream: Real time elapsed is 15.000 sec
Action gen_bit_stream: CPU time elapsed is 13.688 sec
Current time: Tue May 30 10:00:18 2023
Action gen_bit_stream: Peak memory pool usage is 284,499,968 bytes
