#Build: Fabric Compiler 2020.3, Build 62942, Sep 29 13:34 2020
#Install: D:\PDS\PDS_2020.3\bin
#Application name: pds_shell.exe
#OS: Windows 10 10.0.19044
#Hostname: ?????
Generated by Fabric Compiler (version 2020.3 build 62942) at Tue May 30 12:26:48 2023
Compiling verification operator library.
Compiling common defs.
Compiling prim grid devices.
Compiling gate devices.
Compiling gate operators.
Building architecture model.
Loading device packaging model 'MBG324'.
Reading design from DB.
Start Generating Programming File...
Reading design from DB takes 0.265625 sec.
Generating architecture configuration.
The bitstream file is "C:/Users/lenovo/Documents/Pango_Design_Suite_Projects/project_shudian_wangjie/generate_bitstream/top_basketball.sbit"
Generate programming file takes 5.390625 sec.
Generating Programming File done.
Action gen_bit_stream: Real time elapsed is 14.000 sec
Action gen_bit_stream: CPU time elapsed is 12.109 sec
Current time: Tue May 30 12:27:00 2023
Action gen_bit_stream: Peak memory pool usage is 285,356,032 bytes
