#Build: Fabric Compiler 2020.3, Build 62942, Sep 29 13:34 2020
#Install: D:\PDS\PDS_2020.3\bin
#Application name: pds_shell.exe
#OS: Windows 10 10.0.19044
#Hostname: ?????
Generated by Fabric Compiler (version 2020.3 build 62942) at Tue May 30 09:32:45 2023
Compiling verification operator library.
Compiling common defs.
Compiling prim grid devices.
Compiling gate devices.
Compiling gate operators.
Building architecture model.
Loading device packaging model 'MBG324'.
I: Parameter configuration file C:/Users/lenovo/Documents/Pango_Design_Suite_Projects/project_shudian_wangjie/testparam.txt cannot open.
Starting placement and routing flow. (CPU time elapsed 0h:00m:00s)
Reading design from devmap DB.

Placement started.
Mapping instance clk_in_ibuf/opit_1 to IOL_7_74.
Mapping instance clkbufg_0/gopclkbufg to USCM_74_104.
Pre global placement takes 3.16 sec.
Run super clustering :
	Initial slack 990989.
	6 iterations finished.
	Final slack 993498.
Super clustering done.
Design Utilization : 1%.
Global placement takes 0.98 sec.
Wirelength after global placement is 2257.
Placed fixed group with base inst clk_in_ibuf/opit_1 on IOL_7_74.
Placed fixed instance clkbufg_0/gopclkbufg on USCM_74_104.
Wirelength after Macro cell placement is 2029.
Macro cell placement takes 0.00 sec.
Run super clustering :
	Initial slack 990989.
	6 iterations finished.
	Final slack 993498.
Super clustering done.
Design Utilization : 1%.
Wirelength after post global placement is 1934.
Post global placement takes 0.69 sec.
Wirelength after legalization is 1945.
Legalization takes 0.03 sec.
Worst slack before Replication Place is 995902.
Wirelength after replication placement is 1945.
Legalized cost 995902.000000.
The detailed placement ends at 11th iteration.
Wirelength after detailed placement is 1945.
Timing-driven detailed placement takes 0.44 sec.
Placement done.
Total placement takes 5.47 sec.
Finished placement. (CPU time elapsed 0h:00m:06s)

Routing started.
Building routing graph takes 1.53 sec.
Worst slack is 996189.
Processing design graph takes 0.25 sec.
Total memory for routing:
	46.926702 M.
Total nets for routing : 272.
Rcf routing step 1 processed 0 nets, it takes 0.00 sec.
Rcf routing step 2 processed 0 nets, it takes 0.00 sec.
Rcf routing step 3 processed 0 nets, it takes 0.00 sec.
Global Routing step 1 processed 0 nets, it takes 0.00 sec.
Global Routing step 2 processed 0 nets, it takes 0.00 sec.
Unrouted nets 6 at the end of iteration 0.
Unrouted nets 0 at the end of iteration 1.
Global Routing step 3 processed 26 nets, it takes 0.06 sec.
Global routing takes 0.06 sec.
Total 324 subnets.
    forward max bucket size 83 , backward 23.
        Unrouted nets 157 at the end of iteration 0.
    route iteration 0, CPU time elapsed 0.062500 sec.
    forward max bucket size 22 , backward 27.
        Unrouted nets 121 at the end of iteration 1.
    route iteration 1, CPU time elapsed 0.031250 sec.
    forward max bucket size 19 , backward 41.
        Unrouted nets 98 at the end of iteration 2.
    route iteration 2, CPU time elapsed 0.031250 sec.
    forward max bucket size 21 , backward 41.
        Unrouted nets 65 at the end of iteration 3.
    route iteration 3, CPU time elapsed 0.031250 sec.
    forward max bucket size 18 , backward 42.
        Unrouted nets 46 at the end of iteration 4.
    route iteration 4, CPU time elapsed 0.015625 sec.
    forward max bucket size 25 , backward 38.
        Unrouted nets 23 at the end of iteration 5.
    route iteration 5, CPU time elapsed 0.000000 sec.
    forward max bucket size 16 , backward 30.
        Unrouted nets 23 at the end of iteration 6.
    route iteration 6, CPU time elapsed 0.015625 sec.
    forward max bucket size 16 , backward 39.
        Unrouted nets 13 at the end of iteration 7.
    route iteration 7, CPU time elapsed 0.000000 sec.
    forward max bucket size 14 , backward 49.
        Unrouted nets 0 at the end of iteration 8.
    route iteration 8, CPU time elapsed 0.000000 sec.
C: Route-2036: The clock path from s0/clk_out/opit_0_inv:Q to s2/dis_lin[0]/opit_0_inv:CLK is routed by SRB.
Detailed routing takes 0.20 sec.

Dispose routing result:
    Collect routing result.
    Delete unused device instances.
    Annotate routing result.
    Change LUT configuration.
    Dispose misc instances.
    Annotate routing result again.
Finish routing takes 0.09 sec.
Used srb routing arc is 1957.
Cleanup routing takes 0.03 sec.
Routing done.
Total routing takes 2.73 sec.


Device Utilization Summary :
+----------------------------------------------------------------------------+
| Logic Utilization        | Used     | Available     | Utilization(%)     
+----------------------------------------------------------------------------+
| Use of ADC               | 0        | 1             | 0                   
| Use of APM               | 0        | 30            | 0                   
| Use of BKCL              | 0        | 6             | 0                   
| Use of CLMA              | 46       | 3274          | 1                   
|   FF                     | 59       | 19644         | 1                   
|   LUT                    | 107      | 13096         | 1                   
|   LUT-FF pairs           | 18       | 13096         | 1                   
| Use of CLMS              | 18       | 1110          | 2                   
|   FF                     | 13       | 6660          | 1                   
|   LUT                    | 26       | 4440          | 1                   
|   LUT-FF pairs           | 2        | 4440          | 1                   
|   Distributed RAM        | 0        | 4440          | 0                   
| Use of CRYSTAL           | 0        | 6             | 0                   
| Use of DLL               | 0        | 6             | 0                   
| Use of DQSL              | 0        | 18            | 0                   
| Use of DRM               | 0        | 48            | 0                   
| Use of FLSIF             | 0        | 1             | 0                   
| Use of FUSECODE          | 0        | 1             | 0                   
| Use of HARD0N1           | 0        | 2745          | 0                   
| Use of HMEMC             | 0        | 2             | 0                   
| Use of IO                | 44       | 240           | 18                  
|   IOBD                   | 23       | 120           | 19                  
|   IOBR                   | 1        | 6             | 17                  
|   IOBS                   | 20       | 114           | 18                  
| Use of IOCKDIV           | 0        | 12            | 0                   
| Use of IOCKDLY           | 0        | 24            | 0                   
| Use of IOCKGATE          | 0        | 12            | 0                   
| Use of IOCKGMUX_TEST     | 0        | 12            | 0                   
| Use of IOL               | 44       | 240           | 18                  
| Use of IPAL              | 0        | 1             | 0                   
| Use of MFG_TEST          | 0        | 1             | 0                   
| Use of OSC               | 0        | 1             | 0                   
| Use of PLL               | 0        | 6             | 0                   
| Use of PREGMUX_TEST      | 0        | 6             | 0                   
| Use of RCKB              | 0        | 24            | 0                   
| Use of RCKBMUX_TEST      | 0        | 12            | 0                   
| Use of RESCAL            | 0        | 6             | 0                   
| Use of SCANCHAIN         | 0        | 4             | 0                   
| Use of START             | 1        | 1             | 100                 
| Use of UDID              | 0        | 1             | 0                   
| Use of USCM              | 1        | 20            | 5                   
| Use of USCMMUX_TEST      | 0        | 20            | 0                   
| Use of VCKBMUX_TEST      | 0        | 12            | 0                   
+----------------------------------------------------------------------------+

Finished routing. (CPU time elapsed 0h:00m:08s)
Design 'top_basketball' has been placed and routed successfully.
Saving design to DB.
Action pnr: Real time elapsed is 19.000 sec
Action pnr: CPU time elapsed is 16.578 sec
Current time: Tue May 30 09:33:02 2023
Action pnr: Peak memory pool usage is 368,672,768 bytes
Finished placement and routing. (CPU time elapsed 0h:00m:08s)
