#Build: Fabric Compiler 2020.3, Build 62942, Sep 29 13:34 2020
#Install: D:\PDS\PDS_2020.3\bin
#Application name: pds_shell.exe
#OS: Windows 10 10.0.19044
#Hostname: ?????
Generated by Fabric Compiler (version 2020.3 build 62942) at Tue May 30 10:42:19 2023
Compiling verification operator library.
Compiling common defs.
Compiling prim grid devices.
Compiling gate devices.
Compiling gate operators.
Building architecture model.
Loading device packaging model 'MBG324'.
I: Parameter configuration file C:/Users/lenovo/Documents/Pango_Design_Suite_Projects/project_shudian_wangjie/testparam.txt cannot open.
Starting placement and routing flow. (CPU time elapsed 0h:00m:00s)
Reading design from devmap DB.

Placement started.
Mapping instance clk_in_ibuf/opit_1 to IOL_7_74.
Mapping instance clkbufg_0/gopclkbufg to USCM_74_104.
Pre global placement takes 3.05 sec.
Run super clustering :
	Initial slack 990877.
	10 iterations finished.
	Final slack 994824.
Super clustering done.
Design Utilization : 1%.
Global placement takes 5.30 sec.
Wirelength after global placement is 2249.
Placed fixed group with base inst clk_in_ibuf/opit_1 on IOL_7_74.
Placed fixed instance clkbufg_0/gopclkbufg on USCM_74_104.
Wirelength after Macro cell placement is 2166.
Macro cell placement takes 0.00 sec.
Run super clustering :
	Initial slack 990877.
	10 iterations finished.
	Final slack 994824.
Super clustering done.
Design Utilization : 1%.
Wirelength after post global placement is 1947.
Post global placement takes 5.20 sec.
Wirelength after legalization is 2013.
Legalization takes 0.03 sec.
Worst slack before Replication Place is 995947.
Wirelength after replication placement is 2013.
Legalized cost 995947.000000.
The detailed placement ends at 11th iteration.
Wirelength after detailed placement is 2020.
Timing-driven detailed placement takes 0.47 sec.
Placement done.
Total placement takes 14.22 sec.
Finished placement. (CPU time elapsed 0h:00m:14s)

Routing started.
Building routing graph takes 1.53 sec.
Worst slack is 996330.
Processing design graph takes 0.23 sec.
Total memory for routing:
	46.920415 M.
Total nets for routing : 264.
Rcf routing step 1 processed 0 nets, it takes 0.00 sec.
Rcf routing step 2 processed 0 nets, it takes 0.00 sec.
Rcf routing step 3 processed 0 nets, it takes 0.00 sec.
Global Routing step 1 processed 0 nets, it takes 0.00 sec.
Global Routing step 2 processed 0 nets, it takes 0.00 sec.
Unrouted nets 3 at the end of iteration 0.
Unrouted nets 0 at the end of iteration 1.
Global Routing step 3 processed 25 nets, it takes 0.08 sec.
Global routing takes 0.09 sec.
Total 313 subnets.
    forward max bucket size 83 , backward 27.
        Unrouted nets 138 at the end of iteration 0.
    route iteration 0, CPU time elapsed 0.062500 sec.
    forward max bucket size 22 , backward 32.
        Unrouted nets 112 at the end of iteration 1.
    route iteration 1, CPU time elapsed 0.046875 sec.
    forward max bucket size 19 , backward 26.
        Unrouted nets 89 at the end of iteration 2.
    route iteration 2, CPU time elapsed 0.031250 sec.
    forward max bucket size 23 , backward 32.
        Unrouted nets 57 at the end of iteration 3.
    route iteration 3, CPU time elapsed 0.031250 sec.
    forward max bucket size 21 , backward 36.
        Unrouted nets 32 at the end of iteration 4.
    route iteration 4, CPU time elapsed 0.015625 sec.
    forward max bucket size 17 , backward 37.
        Unrouted nets 28 at the end of iteration 5.
    route iteration 5, CPU time elapsed 0.015625 sec.
    forward max bucket size 16 , backward 27.
        Unrouted nets 20 at the end of iteration 6.
    route iteration 6, CPU time elapsed 0.015625 sec.
    forward max bucket size 17 , backward 25.
        Unrouted nets 17 at the end of iteration 7.
    route iteration 7, CPU time elapsed 0.000000 sec.
    forward max bucket size 15 , backward 13.
        Unrouted nets 16 at the end of iteration 8.
    route iteration 8, CPU time elapsed 0.000000 sec.
    forward max bucket size 13 , backward 16.
        Unrouted nets 7 at the end of iteration 9.
    route iteration 9, CPU time elapsed 0.015625 sec.
    forward max bucket size 14 , backward 13.
        Unrouted nets 4 at the end of iteration 10.
    route iteration 10, CPU time elapsed 0.000000 sec.
    forward max bucket size 16 , backward 9.
        Unrouted nets 0 at the end of iteration 11.
    route iteration 11, CPU time elapsed 0.000000 sec.
C: Route-2036: The clock path from s0/clk_out/opit_0_inv:Q to s2/dis_lin[3]/opit_0_inv:CLK is routed by SRB.
Detailed routing takes 0.25 sec.

Dispose routing result:
    Collect routing result.
    Delete unused device instances.
    Annotate routing result.
    Change LUT configuration.
    Dispose misc instances.
    Annotate routing result again.
Finish routing takes 0.09 sec.
Used srb routing arc is 1943.
Cleanup routing takes 0.03 sec.
Routing done.
Total routing takes 2.72 sec.


Device Utilization Summary :
+----------------------------------------------------------------------------+
| Logic Utilization        | Used     | Available     | Utilization(%)     
+----------------------------------------------------------------------------+
| Use of ADC               | 0        | 1             | 0                   
| Use of APM               | 0        | 30            | 0                   
| Use of BKCL              | 0        | 6             | 0                   
| Use of CLMA              | 54       | 3274          | 2                   
|   FF                     | 61       | 19644         | 1                   
|   LUT                    | 121      | 13096         | 1                   
|   LUT-FF pairs           | 12       | 13096         | 1                   
| Use of CLMS              | 8        | 1110          | 1                   
|   FF                     | 10       | 6660          | 1                   
|   LUT                    | 10       | 4440          | 1                   
|   LUT-FF pairs           | 7        | 4440          | 1                   
|   Distributed RAM        | 0        | 4440          | 0                   
| Use of CRYSTAL           | 0        | 6             | 0                   
| Use of DLL               | 0        | 6             | 0                   
| Use of DQSL              | 0        | 18            | 0                   
| Use of DRM               | 0        | 48            | 0                   
| Use of FLSIF             | 0        | 1             | 0                   
| Use of FUSECODE          | 0        | 1             | 0                   
| Use of HARD0N1           | 0        | 2745          | 0                   
| Use of HMEMC             | 0        | 2             | 0                   
| Use of IO                | 44       | 240           | 18                  
|   IOBD                   | 24       | 120           | 20                  
|   IOBR                   | 1        | 6             | 17                  
|   IOBS                   | 19       | 114           | 17                  
| Use of IOCKDIV           | 0        | 12            | 0                   
| Use of IOCKDLY           | 0        | 24            | 0                   
| Use of IOCKGATE          | 0        | 12            | 0                   
| Use of IOCKGMUX_TEST     | 0        | 12            | 0                   
| Use of IOL               | 44       | 240           | 18                  
| Use of IPAL              | 0        | 1             | 0                   
| Use of MFG_TEST          | 0        | 1             | 0                   
| Use of OSC               | 0        | 1             | 0                   
| Use of PLL               | 0        | 6             | 0                   
| Use of PREGMUX_TEST      | 0        | 6             | 0                   
| Use of RCKB              | 0        | 24            | 0                   
| Use of RCKBMUX_TEST      | 0        | 12            | 0                   
| Use of RESCAL            | 0        | 6             | 0                   
| Use of SCANCHAIN         | 0        | 4             | 0                   
| Use of START             | 1        | 1             | 100                 
| Use of UDID              | 0        | 1             | 0                   
| Use of USCM              | 1        | 20            | 5                   
| Use of USCMMUX_TEST      | 0        | 20            | 0                   
| Use of VCKBMUX_TEST      | 0        | 12            | 0                   
+----------------------------------------------------------------------------+

Finished routing. (CPU time elapsed 0h:00m:17s)
Design 'top_basketball' has been placed and routed successfully.
Saving design to DB.
Action pnr: Real time elapsed is 26.000 sec
Action pnr: CPU time elapsed is 24.375 sec
Current time: Tue May 30 10:42:43 2023
Action pnr: Peak memory pool usage is 367,538,176 bytes
Finished placement and routing. (CPU time elapsed 0h:00m:17s)
