#Build: Fabric Compiler 2020.3, Build 62942, Sep 29 13:34 2020
#Install: D:\PDS\PDS_2020.3\bin
#Application name: pds_shell.exe
#OS: Windows 10 10.0.19044
#Hostname: ?????
Generated by Fabric Compiler (version 2020.3 build 62942) at Tue May 30 09:32:37 2023
Compiling verification operator library.
Compiling common defs.
Loading technology operator library.
Compiling technology operator library.
Compiling technology operator (valence) library.
Compiling operator packing rules.
Compiling prim grid devices.
Compiling gate devices.
Compiling gate operators.
Compiling tech operator impls.
Building architecture model.
Loading device packaging model 'MBG324'.
I: Parameter configuration file C:/Users/lenovo/Documents/Pango_Design_Suite_Projects/project_shudian_wangjie/testparam.txt cannot open.
Reading design from translate DB.
Flattening design 'top_basketball'
Device mapping started.
Optimizing circuit logic.
Checking design netlist.
Processing tech operator.
I: The instance clkbufg_0(GTP_CLKBUFG) has been inserted on the net nt_clk_in in design, driver pin O(instance clk_in_ibuf) -> load pin CLK(instance s0/clk_out).
Converting tech operator to gate operator.
Processing gate operator.
Device mapping done.
Total device mapping takes 0.062500 sec.

Device Utilization Summary:
+-------------------------------------------------------------------------+
| Logic Utilization     | Used     | Available     | Utilization(%)     
+-------------------------------------------------------------------------+
| APM                   | 0        | 30            | 0                   
| IOCKDLY               | 0        | 24            | 0                   
| FF                    | 72       | 26304         | 1                   
| LUT                   | 128      | 17536         | 1                   
| Distributed RAM       | 0        | 4440          | 0                   
| DLL                   | 0        | 6             | 0                   
| DQSL                  | 0        | 18            | 0                   
| DRM                   | 0        | 48            | 0                   
| FUSECODE              | 0        | 1             | 0                   
| IO                    | 44       | 240           | 19                  
| IOCKDIV               | 0        | 12            | 0                   
| IOCKGATE              | 0        | 12            | 0                   
| IPAL                  | 0        | 1             | 0                   
| PLL                   | 0        | 6             | 0                   
| RCKB                  | 0        | 24            | 0                   
| SCANCHAIN             | 0        | 4             | 0                   
| START                 | 0        | 1             | 0                   
| USCM                  | 1        | 20            | 5                   
| HMEMC                 | 0        | 2             | 0                   
| OSC                   | 0        | 1             | 0                   
| ADC                   | 0        | 1             | 0                   
| CRYSTAL               | 0        | 6             | 0                   
| FLSIF                 | 0        | 1             | 0                   
| RESCAL                | 0        | 6             | 0                   
| UDID                  | 0        | 1             | 0                   
+-------------------------------------------------------------------------+

Design 'top_basketball' has been successfully mapped to architecture-specific objects.
Saving design to DB.
Action dev_map: Real time elapsed is 8.000 sec
Action dev_map: CPU time elapsed is 6.594 sec
Current time: Tue May 30 09:32:43 2023
Action dev_map: Peak memory pool usage is 171,323,392 bytes
