#Build: Fabric Compiler 2020.3, Build 62942, Sep 29 13:34 2020
#Install: D:\PDS\PDS_2020.3\bin
#Application name: pds_shell.exe
#OS: Windows 10 10.0.19044
#Hostname: ?????
Generated by Fabric Compiler (version 2020.3 build 62942) at Tue May 30 10:37:33 2023
License checkout: fabric_ads
Compiling verification operator library.
Compiling common defs.
Loading technology operator library.
Compiling technology operator library.
Compiling technology operator (valence) library.
Reading design from compile DB
Reading design from compile DB successfully.
Constraint check start.
Constraint check end.
Executing : get_ports clk_in
Executing : get_ports clk_in successfully.
Executing : create_clock -name clk_in_Inferred [get_ports clk_in] -period 1000.000 -waveform {0.000 500.000} -add
Executing : create_clock -name clk_in_Inferred [get_ports clk_in] -period 1000.000 -waveform {0.000 500.000} -add successfully.
Executing : get_pins {s0/clk_out:Q[0]}
Executing : get_pins {s0/clk_out:Q[0]} successfully.
Executing : create_clock -name {s0/clk_out/Q[0]_Inferred} [get_pins {s0/clk_out:Q[0]}] -period 1000.000 -waveform {0.000 500.000} -add
Executing : create_clock -name {s0/clk_out/Q[0]_Inferred} [get_pins {s0/clk_out:Q[0]}] -period 1000.000 -waveform {0.000 500.000} -add successfully.
Executing : set_clock_groups -name Inferred_clock_group -asynchronous -group clk_in_Inferred
Executing : set_clock_groups -name Inferred_clock_group -asynchronous -group clk_in_Inferred successfully.
Executing : set_clock_groups -name Inferred_clock_group_0 -asynchronous -group {s0/clk_out/Q[0]_Inferred}
Executing : set_clock_groups -name Inferred_clock_group_0 -asynchronous -group {s0/clk_out/Q[0]_Inferred} successfully.
Executing : set_clock_groups -name Inferred_clock_group -asynchronous -group clk_in_Inferred
Executing : set_clock_groups -name Inferred_clock_group -asynchronous -group clk_in_Inferred successfully.
Executing : set_clock_groups -name Inferred_clock_group_0 -asynchronous -group {s0/clk_out/Q[0]_Inferred}
Executing : set_clock_groups -name Inferred_clock_group_0 -asynchronous -group {s0/clk_out/Q[0]_Inferred} successfully.
Start pre-mapping.
I: Constant propagation done on s2/N86 (bmsREDAND).
I: Constant propagation done on s2/N82 (bmsREDAND).
I: Constant propagation done on s2/N88 (bmsREDAND).
I: Constant propagation done on s2/N84 (bmsREDAND).
Executing : pre-mapping successfully.
Start mod-gen.
I: Constant propagation done on s1/N29_bc0 (bmsREDAND).
I: Constant propagation done on s1/N171_sum1 (bmsREDXOR).
I: Constant propagation done on s1/N141_ab1 (bmsREDAND).
I: Constant propagation done on s1/N81_sum1 (bmsREDXOR).
I: Constant propagation done on s1/N81_bc1 (bmsREDAND).
I: Constant propagation done on s1/N127_sum0 (bmsREDXOR).
Executing : mod-gen successfully.
Start logic-optimization.
