#Build: Fabric Compiler 2020.3, Build 62942, Sep 29 13:34 2020
#Install: D:\PDS\PDS_2020.3\bin
#Application name: pds_shell.exe
#OS: Windows 10 10.0.19044
#Hostname: ?????
Generated by Fabric Compiler (version 2020.3 build 62942) at Wed May 31 08:29:10 2023
Compiling verification operator library.
Compiling common defs.
Compiling prim grid devices.
Compiling gate devices.
Compiling gate operators.
Building architecture model.
Loading device packaging model 'MBG324'.
I: Parameter configuration file C:/Users/lenovo/Documents/Pango_Design_Suite_Projects/project_shudian_wangjie/testparam.txt cannot open.
Starting placement and routing flow. (CPU time elapsed 0h:00m:00s)
Reading design from devmap DB.
Building architecture floorplan logic view.
Executing : apply_constraint -f C:/Users/lenovo/Documents/Pango_Design_Suite_Projects/project_shudian_wangjie/device_map/top_basketball.pcf
Executing : def_port {dis_seg[0]} -LOC B15 -IOSTANDARD LVCMOS33 -VCCIO 3.3 -DRIVE 4 -SLEW SLOW
Executing : def_port {dis_seg[0]} -LOC B15 -IOSTANDARD LVCMOS33 -VCCIO 3.3 -DRIVE 4 -SLEW SLOW successfully.
Executing : def_port {dis_seg[1]} -LOC A15 -IOSTANDARD LVCMOS33 -VCCIO 3.3 -DRIVE 4 -SLEW SLOW
Executing : def_port {dis_seg[1]} -LOC A15 -IOSTANDARD LVCMOS33 -VCCIO 3.3 -DRIVE 4 -SLEW SLOW successfully.
Executing : def_port {dis_seg[2]} -LOC B16 -IOSTANDARD LVCMOS33 -VCCIO 3.3 -DRIVE 4 -SLEW SLOW
Executing : def_port {dis_seg[2]} -LOC B16 -IOSTANDARD LVCMOS33 -VCCIO 3.3 -DRIVE 4 -SLEW SLOW successfully.
Executing : def_port {dis_seg[3]} -LOC E18 -IOSTANDARD LVCMOS33 -VCCIO 3.3 -DRIVE 4 -SLEW SLOW
Executing : def_port {dis_seg[3]} -LOC E18 -IOSTANDARD LVCMOS33 -VCCIO 3.3 -DRIVE 4 -SLEW SLOW successfully.
Executing : def_port {dis_seg[4]} -LOC D17 -IOSTANDARD LVCMOS33 -VCCIO 3.3 -DRIVE 4 -SLEW SLOW
Executing : def_port {dis_seg[4]} -LOC D17 -IOSTANDARD LVCMOS33 -VCCIO 3.3 -DRIVE 4 -SLEW SLOW successfully.
Executing : def_port {dis_seg[5]} -LOC D18 -IOSTANDARD LVCMOS33 -VCCIO 3.3 -DRIVE 4 -SLEW SLOW
Executing : def_port {dis_seg[5]} -LOC D18 -IOSTANDARD LVCMOS33 -VCCIO 3.3 -DRIVE 4 -SLEW SLOW successfully.
Executing : def_port {dis_seg[6]} -LOC E17 -IOSTANDARD LVCMOS33 -VCCIO 3.3 -DRIVE 4 -SLEW SLOW
Executing : def_port {dis_seg[6]} -LOC E17 -IOSTANDARD LVCMOS33 -VCCIO 3.3 -DRIVE 4 -SLEW SLOW successfully.
Executing : def_port {dis_shu[0]} -LOC G13 -IOSTANDARD LVCMOS33 -VCCIO 3.3 -DRIVE 4 -SLEW SLOW
Executing : def_port {dis_shu[0]} -LOC G13 -IOSTANDARD LVCMOS33 -VCCIO 3.3 -DRIVE 4 -SLEW SLOW successfully.
Executing : def_port {dis_shu[1]} -LOC H14 -IOSTANDARD LVCMOS33 -VCCIO 3.3 -DRIVE 4 -SLEW SLOW
Executing : def_port {dis_shu[1]} -LOC H14 -IOSTANDARD LVCMOS33 -VCCIO 3.3 -DRIVE 4 -SLEW SLOW successfully.
Executing : def_port {dis_shu[2]} -LOC H13 -IOSTANDARD LVCMOS33 -VCCIO 3.3 -DRIVE 4 -SLEW SLOW
Executing : def_port {dis_shu[2]} -LOC H13 -IOSTANDARD LVCMOS33 -VCCIO 3.3 -DRIVE 4 -SLEW SLOW successfully.
Executing : def_port clk_in -LOC B5 -IOSTANDARD LVTTL33 -VCCIO 3.3
Executing : def_port clk_in -LOC B5 -IOSTANDARD LVTTL33 -VCCIO 3.3 successfully.
Executing : def_port en_score -LOC U11 -IOSTANDARD LVTTL33 -VCCIO 3.3
Executing : def_port en_score -LOC U11 -IOSTANDARD LVTTL33 -VCCIO 3.3 successfully.
Executing : def_port {key_column[0]} -LOC R14 -IOSTANDARD LVTTL33 -VCCIO 3.3
Executing : def_port {key_column[0]} -LOC R14 -IOSTANDARD LVTTL33 -VCCIO 3.3 successfully.
Executing : def_port {key_column[1]} -LOC P13 -IOSTANDARD LVTTL33 -VCCIO 3.3
Executing : def_port {key_column[1]} -LOC P13 -IOSTANDARD LVTTL33 -VCCIO 3.3 successfully.
Executing : def_port {key_column[2]} -LOC P14 -IOSTANDARD LVTTL33 -VCCIO 3.3
Executing : def_port {key_column[2]} -LOC P14 -IOSTANDARD LVTTL33 -VCCIO 3.3 successfully.
Executing : def_port {key_column[3]} -LOC T13 -IOSTANDARD LVTTL33 -VCCIO 3.3
C: ConstraintEditor-2001: [C:/Users/lenovo/Documents/Pango_Design_Suite_Projects/project_shudian_wangjie/device_map/top_basketball.pcf(line number: 18)] Object 'key_column[3]' is dangling, which has no connection. it will be ignored.
Executing : def_port {key_column[3]} -LOC T13 -IOSTANDARD LVTTL33 -VCCIO 3.3 successfully.
Executing : def_port {key_row[0]} -LOC R13 -IOSTANDARD LVTTL33 -VCCIO 3.3
Executing : def_port {key_row[0]} -LOC R13 -IOSTANDARD LVTTL33 -VCCIO 3.3 successfully.
Executing : def_port {key_row[1]} -LOC P12 -IOSTANDARD LVTTL33 -VCCIO 3.3
C: ConstraintEditor-2001: [C:/Users/lenovo/Documents/Pango_Design_Suite_Projects/project_shudian_wangjie/device_map/top_basketball.pcf(line number: 20)] Object 'key_row[1]' is dangling, which has no connection. it will be ignored.
Executing : def_port {key_row[1]} -LOC P12 -IOSTANDARD LVTTL33 -VCCIO 3.3 successfully.
Executing : def_port {key_row[2]} -LOC P11 -IOSTANDARD LVTTL33 -VCCIO 3.3
C: ConstraintEditor-2001: [C:/Users/lenovo/Documents/Pango_Design_Suite_Projects/project_shudian_wangjie/device_map/top_basketball.pcf(line number: 21)] Object 'key_row[2]' is dangling, which has no connection. it will be ignored.
Executing : def_port {key_row[2]} -LOC P11 -IOSTANDARD LVTTL33 -VCCIO 3.3 successfully.
Executing : def_port {key_row[3]} -LOC T11 -IOSTANDARD LVTTL33 -VCCIO 3.3
Executing : def_port {key_row[3]} -LOC T11 -IOSTANDARD LVTTL33 -VCCIO 3.3 successfully.
Executing : def_port rst_n -LOC U16 -IOSTANDARD LVTTL33 -VCCIO 3.3
Executing : def_port rst_n -LOC U16 -IOSTANDARD LVTTL33 -VCCIO 3.3 successfully.
W: ConstraintEditor-4019: Port 'clk_out' unspecified I/O constraint.
W: ConstraintEditor-4019: Port 'score[0]' unspecified I/O constraint.
W: ConstraintEditor-4019: Port 'score[1]' unspecified I/O constraint.
W: ConstraintEditor-4019: Port 'score[2]' unspecified I/O constraint.
W: ConstraintEditor-4019: Port 'score[3]' unspecified I/O constraint.
W: ConstraintEditor-4019: Port 'score[4]' unspecified I/O constraint.
W: ConstraintEditor-4019: Port 'score[5]' unspecified I/O constraint.
W: ConstraintEditor-4019: Port 'score[6]' unspecified I/O constraint.
W: ConstraintEditor-4019: Port 'score[7]' unspecified I/O constraint.
W: ConstraintEditor-4019: Port 'score[8]' unspecified I/O constraint.
W: ConstraintEditor-4019: Port 'score[9]' unspecified I/O constraint.
W: ConstraintEditor-4019: Port 'score[10]' unspecified I/O constraint.
W: ConstraintEditor-4019: Port 'score[11]' unspecified I/O constraint.
W: ConstraintEditor-4019: Port 'score[12]' unspecified I/O constraint.
W: ConstraintEditor-4019: Port 'score[13]' unspecified I/O constraint.
W: ConstraintEditor-4019: Port 'score[14]' unspecified I/O constraint.
W: ConstraintEditor-4019: Port 'score[15]' unspecified I/O constraint.
Executing : apply_constraint -f C:/Users/lenovo/Documents/Pango_Design_Suite_Projects/project_shudian_wangjie/device_map/top_basketball.pcf successfully.

Placement started.
Mapping instance clkbufg_0/gopclkbufg to USCM_74_104.
Pre global placement takes 2.17 sec.
Run super clustering :
	Initial slack 990989.
	2 iterations finished.
	Final slack 992165.
Super clustering done.
Design Utilization : 1%.
Global placement takes 0.30 sec.
Wirelength after global placement is 1274.
Placed fixed group with base inst clk_in_ibuf/opit_1 on IOL_7_298.
Placed fixed instance clkbufg_0/gopclkbufg on USCM_74_104.
Placed fixed group with base inst dis_seg_obuf[0]/opit_1 on IOL_151_326.
Placed fixed group with base inst dis_seg_obuf[1]/opit_1 on IOL_151_325.
Placed fixed group with base inst dis_seg_obuf[2]/opit_1 on IOL_151_298.
Placed fixed group with base inst dis_seg_obuf[3]/opit_1 on IOL_151_254.
Placed fixed group with base inst dis_seg_obuf[4]/opit_1 on IOL_151_257.
Placed fixed group with base inst dis_seg_obuf[5]/opit_1 on IOL_151_258.
Placed fixed group with base inst dis_seg_obuf[6]/opit_1 on IOL_151_253.
Placed fixed group with base inst dis_shu_obuf[0]/opit_1 on IOL_151_233.
Placed fixed group with base inst dis_shu_obuf[1]/opit_1 on IOL_151_226.
Placed fixed group with base inst dis_shu_obuf[2]/opit_1 on IOL_151_225.
Placed fixed group with base inst en_score_ibuf/opit_1 on IOL_151_102.
Placed fixed group with base inst key_column_ibuf[0]/opit_1 on IOL_151_18.
Placed fixed group with base inst key_column_ibuf[1]/opit_1 on IOL_151_10.
Placed fixed group with base inst key_column_ibuf[2]/opit_1 on IOL_151_9.
Placed fixed group with base inst key_row_ibuf[0]/opit_1 on IOL_151_14.
Placed fixed group with base inst key_row_ibuf[3]/opit_1 on IOL_151_89.
Placed fixed group with base inst rst_n_ibuf/opit_1 on IOL_151_21.
Placed fixed instance BKCL_auto_0 on BKCL_2_268.
Placed fixed instance BKCL_auto_1 on BKCL_154_268.
Placed fixed instance BKCL_auto_2 on BKCL_154_144.
Placed fixed instance BKCL_auto_3 on BKCL_154_20.
Wirelength after Macro cell placement is 1250.
Macro cell placement takes 0.02 sec.
Run super clustering :
	Initial slack 990989.
	2 iterations finished.
	Final slack 992165.
Super clustering done.
Design Utilization : 1%.
Wirelength after post global placement is 1205.
Post global placement takes 0.33 sec.
Wirelength after legalization is 1220.
Legalization takes 0.05 sec.
Worst slack before Replication Place is 995651.
Wirelength after replication placement is 1220.
Legalized cost 995651.000000.
The detailed placement ends at 11th iteration.
Wirelength after detailed placement is 1220.
Timing-driven detailed placement takes 0.34 sec.
Placement done.
Total placement takes 3.38 sec.
Finished placement. (CPU time elapsed 0h:00m:04s)

Routing started.
Building routing graph takes 1.70 sec.
Worst slack is 995890.
Processing design graph takes 0.30 sec.
Total memory for routing:
	46.921849 M.
Total nets for routing : 264.
Rcf routing step 1 processed 0 nets, it takes 0.00 sec.
Rcf routing step 2 processed 0 nets, it takes 0.00 sec.
Rcf routing step 3 processed 0 nets, it takes 0.00 sec.
Global Routing step 1 processed 0 nets, it takes 0.00 sec.
Global Routing step 2 processed 0 nets, it takes 0.00 sec.
Unrouted nets 7 at the end of iteration 0.
Unrouted nets 6 at the end of iteration 1.
Unrouted nets 2 at the end of iteration 2.
Unrouted nets 0 at the end of iteration 3.
Global Routing step 3 processed 12 nets, it takes 0.23 sec.
Global routing takes 0.25 sec.
Total 285 subnets.
    forward max bucket size 60 , backward 21.
        Unrouted nets 136 at the end of iteration 0.
    route iteration 0, CPU time elapsed 0.078125 sec.
    forward max bucket size 25 , backward 29.
        Unrouted nets 98 at the end of iteration 1.
    route iteration 1, CPU time elapsed 0.046875 sec.
    forward max bucket size 22 , backward 31.
        Unrouted nets 75 at the end of iteration 2.
    route iteration 2, CPU time elapsed 0.046875 sec.
    forward max bucket size 17 , backward 45.
        Unrouted nets 64 at the end of iteration 3.
    route iteration 3, CPU time elapsed 0.015625 sec.
    forward max bucket size 21 , backward 60.
        Unrouted nets 53 at the end of iteration 4.
    route iteration 4, CPU time elapsed 0.031250 sec.
    forward max bucket size 16 , backward 57.
        Unrouted nets 24 at the end of iteration 5.
    route iteration 5, CPU time elapsed 0.015625 sec.
    forward max bucket size 18 , backward 59.
        Unrouted nets 23 at the end of iteration 6.
    route iteration 6, CPU time elapsed 0.000000 sec.
    forward max bucket size 14 , backward 57.
        Unrouted nets 13 at the end of iteration 7.
    route iteration 7, CPU time elapsed 0.000000 sec.
    forward max bucket size 21 , backward 31.
        Unrouted nets 18 at the end of iteration 8.
    route iteration 8, CPU time elapsed 0.000000 sec.
    forward max bucket size 17 , backward 25.
        Unrouted nets 9 at the end of iteration 9.
    route iteration 9, CPU time elapsed 0.015625 sec.
    forward max bucket size 13 , backward 23.
        Unrouted nets 4 at the end of iteration 10.
    route iteration 10, CPU time elapsed 0.000000 sec.
    forward max bucket size 13 , backward 10.
        Unrouted nets 0 at the end of iteration 11.
    route iteration 11, CPU time elapsed 0.000000 sec.
C: Route-2036: The clock path from s0/clk_out/opit_0_inv:Q to s2/dis_sel[1]/opit_0_inv:CLK is routed by SRB.
Detailed routing takes 0.27 sec.

Dispose routing result:
    Collect routing result.
    Delete unused device instances.
    Annotate routing result.
    Change LUT configuration.
    Dispose misc instances.
    Annotate routing result again.
Finish routing takes 0.11 sec.
Used srb routing arc is 1808.
Cleanup routing takes 0.03 sec.
Routing done.
Total routing takes 3.23 sec.


Device Utilization Summary :
+----------------------------------------------------------------------------+
| Logic Utilization        | Used     | Available     | Utilization(%)     
+----------------------------------------------------------------------------+
| Use of ADC               | 0        | 1             | 0                   
| Use of APM               | 0        | 30            | 0                   
| Use of BKCL              | 4        | 6             | 67                  
| Use of CLMA              | 43       | 3274          | 1                   
|   FF                     | 34       | 19644         | 1                   
|   LUT                    | 79       | 13096         | 1                   
|   LUT-FF pairs           | 11       | 13096         | 1                   
| Use of CLMS              | 18       | 1110          | 2                   
|   FF                     | 42       | 6660          | 1                   
|   LUT                    | 54       | 4440          | 1                   
|   LUT-FF pairs           | 7        | 4440          | 1                   
|   Distributed RAM        | 0        | 4440          | 0                   
| Use of CRYSTAL           | 0        | 6             | 0                   
| Use of DLL               | 0        | 6             | 0                   
| Use of DQSL              | 0        | 18            | 0                   
| Use of DRM               | 0        | 48            | 0                   
| Use of FLSIF             | 0        | 1             | 0                   
| Use of FUSECODE          | 0        | 1             | 0                   
| Use of HARD0N1           | 0        | 2745          | 0                   
| Use of HMEMC             | 0        | 2             | 0                   
| Use of IO                | 35       | 240           | 15                  
|   IOBD                   | 19       | 120           | 16                  
|   IOBR                   | 1        | 6             | 17                  
|   IOBS                   | 15       | 114           | 13                  
| Use of IOCKDIV           | 0        | 12            | 0                   
| Use of IOCKDLY           | 0        | 24            | 0                   
| Use of IOCKGATE          | 0        | 12            | 0                   
| Use of IOCKGMUX_TEST     | 0        | 12            | 0                   
| Use of IOL               | 35       | 240           | 15                  
| Use of IPAL              | 0        | 1             | 0                   
| Use of MFG_TEST          | 0        | 1             | 0                   
| Use of OSC               | 0        | 1             | 0                   
| Use of PLL               | 0        | 6             | 0                   
| Use of PREGMUX_TEST      | 0        | 6             | 0                   
| Use of RCKB              | 0        | 24            | 0                   
| Use of RCKBMUX_TEST      | 0        | 12            | 0                   
| Use of RESCAL            | 0        | 6             | 0                   
| Use of SCANCHAIN         | 0        | 4             | 0                   
| Use of START             | 1        | 1             | 100                 
| Use of UDID              | 0        | 1             | 0                   
| Use of USCM              | 1        | 20            | 5                   
| Use of USCMMUX_TEST      | 0        | 20            | 0                   
| Use of VCKBMUX_TEST      | 0        | 12            | 0                   
+----------------------------------------------------------------------------+

Finished routing. (CPU time elapsed 0h:00m:07s)
Design 'top_basketball' has been placed and routed successfully.
Saving design to DB.
Action pnr: Real time elapsed is 16.000 sec
Action pnr: CPU time elapsed is 14.922 sec
Current time: Wed May 31 08:29:24 2023
Action pnr: Peak memory pool usage is 372,293,632 bytes
Finished placement and routing. (CPU time elapsed 0h:00m:07s)
